{"G:\\GitHub\\SR10-project\\myapp\\model\\DemandeAjoutOrganisation.js": {"path":"G:\\GitHub\\SR10-project\\myapp\\model\\DemandeAjoutOrganisation.js","statementMap":{"0":{"start":{"line":1,"column":13},"end":{"line":1,"column":28}},"1":{"start":{"line":3,"column":33},"end":{"line":42,"column":1}},"2":{"start":{"line":5,"column":22},"end":{"line":9,"column":5}},"3":{"start":{"line":10,"column":23},"end":{"line":10,"column":52}},"4":{"start":{"line":11,"column":8},"end":{"line":11,"column":40}},"5":{"start":{"line":12,"column":8},"end":{"line":12,"column":38}},"6":{"start":{"line":16,"column":22},"end":{"line":16,"column":88}},"7":{"start":{"line":17,"column":26},"end":{"line":17,"column":55}},"8":{"start":{"line":18,"column":8},"end":{"line":18,"column":26}},"9":{"start":{"line":22,"column":22},"end":{"line":26,"column":5}},"10":{"start":{"line":27,"column":23},"end":{"line":27,"column":56}},"11":{"start":{"line":28,"column":8},"end":{"line":28,"column":40}},"12":{"start":{"line":29,"column":8},"end":{"line":29,"column":29}},"13":{"start":{"line":33,"column":22},"end":{"line":33,"column":86}},"14":{"start":{"line":34,"column":8},"end":{"line":34,"column":38}},"15":{"start":{"line":38,"column":22},"end":{"line":38,"column":63}},"16":{"start":{"line":39,"column":26},"end":{"line":39,"column":49}},"17":{"start":{"line":40,"column":8},"end":{"line":40,"column":23}},"18":{"start":{"line":44,"column":0},"end":{"line":44,"column":42}}},"fnMap":{"0":{"name":"(anonymous_0)","decl":{"start":{"line":4,"column":4},"end":{"line":4,"column":5}},"loc":{"start":{"line":4,"column":50},"end":{"line":13,"column":5}},"line":4},"1":{"name":"(anonymous_1)","decl":{"start":{"line":15,"column":4},"end":{"line":15,"column":5}},"loc":{"start":{"line":15,"column":19},"end":{"line":19,"column":5}},"line":15},"2":{"name":"(anonymous_2)","decl":{"start":{"line":21,"column":4},"end":{"line":21,"column":5}},"loc":{"start":{"line":21,"column":54},"end":{"line":30,"column":5}},"line":21},"3":{"name":"(anonymous_3)","decl":{"start":{"line":32,"column":4},"end":{"line":32,"column":5}},"loc":{"start":{"line":32,"column":21},"end":{"line":35,"column":5}},"line":32},"4":{"name":"(anonymous_4)","decl":{"start":{"line":37,"column":4},"end":{"line":37,"column":5}},"loc":{"start":{"line":37,"column":20},"end":{"line":41,"column":5}},"line":37}},"branchMap":{},"s":{"0":1,"1":1,"2":1,"3":1,"4":1,"5":1,"6":3,"7":3,"8":3,"9":1,"10":1,"11":1,"12":1,"13":1,"14":1,"15":1,"16":1,"17":1,"18":1},"f":{"0":1,"1":3,"2":1,"3":1,"4":1},"b":{},"_coverageSchema":"1a1c01bbd47fc00a2c39e90264f33305004495a9","hash":"cef509062c87e2cd04871fd84a43e3736e342478"}
,"G:\\GitHub\\SR10-project\\myapp\\model\\associationfichiers.js": {"path":"G:\\GitHub\\SR10-project\\myapp\\model\\associationfichiers.js","statementMap":{"0":{"start":{"line":1,"column":13},"end":{"line":1,"column":28}},"1":{"start":{"line":3,"column":28},"end":{"line":42,"column":1}},"2":{"start":{"line":5,"column":22},"end":{"line":9,"column":5}},"3":{"start":{"line":10,"column":23},"end":{"line":10,"column":47}},"4":{"start":{"line":11,"column":8},"end":{"line":11,"column":40}},"5":{"start":{"line":12,"column":8},"end":{"line":12,"column":40}},"6":{"start":{"line":16,"column":22},"end":{"line":16,"column":82}},"7":{"start":{"line":17,"column":26},"end":{"line":17,"column":55}},"8":{"start":{"line":18,"column":8},"end":{"line":18,"column":26}},"9":{"start":{"line":22,"column":22},"end":{"line":26,"column":5}},"10":{"start":{"line":27,"column":23},"end":{"line":27,"column":51}},"11":{"start":{"line":28,"column":8},"end":{"line":28,"column":40}},"12":{"start":{"line":29,"column":8},"end":{"line":29,"column":29}},"13":{"start":{"line":33,"column":22},"end":{"line":33,"column":80}},"14":{"start":{"line":34,"column":8},"end":{"line":34,"column":38}},"15":{"start":{"line":38,"column":22},"end":{"line":38,"column":58}},"16":{"start":{"line":39,"column":26},"end":{"line":39,"column":49}},"17":{"start":{"line":40,"column":8},"end":{"line":40,"column":23}},"18":{"start":{"line":44,"column":0},"end":{"line":44,"column":37}}},"fnMap":{"0":{"name":"(anonymous_0)","decl":{"start":{"line":4,"column":4},"end":{"line":4,"column":5}},"loc":{"start":{"line":4,"column":45},"end":{"line":13,"column":5}},"line":4},"1":{"name":"(anonymous_1)","decl":{"start":{"line":15,"column":4},"end":{"line":15,"column":5}},"loc":{"start":{"line":15,"column":19},"end":{"line":19,"column":5}},"line":15},"2":{"name":"(anonymous_2)","decl":{"start":{"line":21,"column":4},"end":{"line":21,"column":5}},"loc":{"start":{"line":21,"column":49},"end":{"line":30,"column":5}},"line":21},"3":{"name":"(anonymous_3)","decl":{"start":{"line":32,"column":4},"end":{"line":32,"column":5}},"loc":{"start":{"line":32,"column":21},"end":{"line":35,"column":5}},"line":32},"4":{"name":"(anonymous_4)","decl":{"start":{"line":37,"column":4},"end":{"line":37,"column":5}},"loc":{"start":{"line":37,"column":20},"end":{"line":41,"column":5}},"line":37}},"branchMap":{},"s":{"0":1,"1":1,"2":1,"3":1,"4":1,"5":1,"6":3,"7":3,"8":3,"9":1,"10":1,"11":1,"12":1,"13":1,"14":1,"15":1,"16":1,"17":1,"18":1},"f":{"0":1,"1":3,"2":1,"3":1,"4":1},"b":{},"_coverageSchema":"1a1c01bbd47fc00a2c39e90264f33305004495a9","hash":"a704ab1e144acf7b108bf1200c86f40bed26eeee"}
,"G:\\GitHub\\SR10-project\\myapp\\model\\candidature.js": {"path":"G:\\GitHub\\SR10-project\\myapp\\model\\candidature.js","statementMap":{"0":{"start":{"line":1,"column":13},"end":{"line":1,"column":28}},"1":{"start":{"line":3,"column":20},"end":{"line":42,"column":1}},"2":{"start":{"line":5,"column":22},"end":{"line":9,"column":5}},"3":{"start":{"line":10,"column":23},"end":{"line":10,"column":61}},"4":{"start":{"line":11,"column":8},"end":{"line":11,"column":40}},"5":{"start":{"line":12,"column":8},"end":{"line":12,"column":36}},"6":{"start":{"line":16,"column":22},"end":{"line":16,"column":74}},"7":{"start":{"line":17,"column":26},"end":{"line":17,"column":55}},"8":{"start":{"line":18,"column":8},"end":{"line":18,"column":26}},"9":{"start":{"line":22,"column":22},"end":{"line":26,"column":5}},"10":{"start":{"line":27,"column":23},"end":{"line":27,"column":65}},"11":{"start":{"line":28,"column":8},"end":{"line":28,"column":40}},"12":{"start":{"line":29,"column":8},"end":{"line":29,"column":29}},"13":{"start":{"line":33,"column":22},"end":{"line":33,"column":72}},"14":{"start":{"line":34,"column":8},"end":{"line":34,"column":38}},"15":{"start":{"line":38,"column":22},"end":{"line":38,"column":50}},"16":{"start":{"line":39,"column":26},"end":{"line":39,"column":49}},"17":{"start":{"line":40,"column":8},"end":{"line":40,"column":23}},"18":{"start":{"line":44,"column":0},"end":{"line":44,"column":29}}},"fnMap":{"0":{"name":"(anonymous_0)","decl":{"start":{"line":4,"column":4},"end":{"line":4,"column":5}},"loc":{"start":{"line":4,"column":59},"end":{"line":13,"column":5}},"line":4},"1":{"name":"(anonymous_1)","decl":{"start":{"line":15,"column":4},"end":{"line":15,"column":5}},"loc":{"start":{"line":15,"column":19},"end":{"line":19,"column":5}},"line":15},"2":{"name":"(anonymous_2)","decl":{"start":{"line":21,"column":4},"end":{"line":21,"column":5}},"loc":{"start":{"line":21,"column":63},"end":{"line":30,"column":5}},"line":21},"3":{"name":"(anonymous_3)","decl":{"start":{"line":32,"column":4},"end":{"line":32,"column":5}},"loc":{"start":{"line":32,"column":21},"end":{"line":35,"column":5}},"line":32},"4":{"name":"(anonymous_4)","decl":{"start":{"line":37,"column":4},"end":{"line":37,"column":5}},"loc":{"start":{"line":37,"column":20},"end":{"line":41,"column":5}},"line":37}},"branchMap":{},"s":{"0":1,"1":1,"2":1,"3":1,"4":1,"5":1,"6":3,"7":3,"8":3,"9":1,"10":1,"11":1,"12":1,"13":1,"14":1,"15":1,"16":1,"17":1,"18":1},"f":{"0":1,"1":3,"2":1,"3":1,"4":1},"b":{},"_coverageSchema":"1a1c01bbd47fc00a2c39e90264f33305004495a9","hash":"57b0076654a25bd0fb9223a49084cfbd2821e7da"}
,"G:\\GitHub\\SR10-project\\myapp\\model\\db.js": {"path":"G:\\GitHub\\SR10-project\\myapp\\model\\db.js","statementMap":{"0":{"start":{"line":1,"column":14},"end":{"line":1,"column":31}},"1":{"start":{"line":2,"column":13},"end":{"line":11,"column":2}},"2":{"start":{"line":13,"column":20},"end":{"line":13,"column":34}},"3":{"start":{"line":15,"column":0},"end":{"line":18,"column":2}},"4":{"start":{"line":16,"column":26},"end":{"line":16,"column":54}},"5":{"start":{"line":17,"column":17},"end":{"line":17,"column":27}},"6":{"start":{"line":20,"column":0},"end":{"line":26,"column":3}},"7":{"start":{"line":21,"column":4},"end":{"line":24,"column":5}},"8":{"start":{"line":22,"column":8},"end":{"line":22,"column":79}},"9":{"start":{"line":23,"column":8},"end":{"line":23,"column":24}},"10":{"start":{"line":25,"column":4},"end":{"line":25,"column":41}},"11":{"start":{"line":25,"column":20},"end":{"line":25,"column":41}}},"fnMap":{"0":{"name":"(anonymous_0)","decl":{"start":{"line":16,"column":11},"end":{"line":16,"column":12}},"loc":{"start":{"line":16,"column":26},"end":{"line":16,"column":54}},"line":16},"1":{"name":"(anonymous_1)","decl":{"start":{"line":17,"column":11},"end":{"line":17,"column":12}},"loc":{"start":{"line":17,"column":17},"end":{"line":17,"column":27}},"line":17},"2":{"name":"(anonymous_2)","decl":{"start":{"line":20,"column":19},"end":{"line":20,"column":20}},"loc":{"start":{"line":20,"column":40},"end":{"line":26,"column":1}},"line":20}},"branchMap":{"0":{"loc":{"start":{"line":21,"column":4},"end":{"line":24,"column":5}},"type":"if","locations":[{"start":{"line":21,"column":4},"end":{"line":24,"column":5}},{"start":{},"end":{}}],"line":21},"1":{"loc":{"start":{"line":25,"column":4},"end":{"line":25,"column":41}},"type":"if","locations":[{"start":{"line":25,"column":4},"end":{"line":25,"column":41}},{"start":{},"end":{}}],"line":25}},"s":{"0":1,"1":1,"2":1,"3":1,"4":6,"5":0,"6":1,"7":1,"8":0,"9":0,"10":1,"11":1},"f":{"0":6,"1":0,"2":1},"b":{"0":[0,1],"1":[1,0]},"_coverageSchema":"1a1c01bbd47fc00a2c39e90264f33305004495a9","hash":"9363b8d97c00412606632dcf273ccb70bd3c6af6"}
,"G:\\GitHub\\SR10-project\\myapp\\model\\ficheposte.js": {"path":"G:\\GitHub\\SR10-project\\myapp\\model\\ficheposte.js","statementMap":{"0":{"start":{"line":1,"column":13},"end":{"line":1,"column":28}},"1":{"start":{"line":3,"column":19},"end":{"line":42,"column":1}},"2":{"start":{"line":5,"column":22},"end":{"line":9,"column":5}},"3":{"start":{"line":10,"column":23},"end":{"line":10,"column":142}},"4":{"start":{"line":11,"column":8},"end":{"line":11,"column":40}},"5":{"start":{"line":12,"column":8},"end":{"line":12,"column":36}},"6":{"start":{"line":16,"column":22},"end":{"line":16,"column":67}},"7":{"start":{"line":17,"column":26},"end":{"line":17,"column":55}},"8":{"start":{"line":18,"column":8},"end":{"line":18,"column":26}},"9":{"start":{"line":22,"column":22},"end":{"line":26,"column":5}},"10":{"start":{"line":27,"column":23},"end":{"line":27,"column":146}},"11":{"start":{"line":28,"column":8},"end":{"line":28,"column":40}},"12":{"start":{"line":29,"column":8},"end":{"line":29,"column":29}},"13":{"start":{"line":33,"column":22},"end":{"line":33,"column":65}},"14":{"start":{"line":34,"column":8},"end":{"line":34,"column":38}},"15":{"start":{"line":38,"column":22},"end":{"line":38,"column":49}},"16":{"start":{"line":39,"column":26},"end":{"line":39,"column":49}},"17":{"start":{"line":40,"column":8},"end":{"line":40,"column":23}},"18":{"start":{"line":44,"column":0},"end":{"line":44,"column":28}}},"fnMap":{"0":{"name":"(anonymous_0)","decl":{"start":{"line":4,"column":4},"end":{"line":4,"column":5}},"loc":{"start":{"line":4,"column":140},"end":{"line":13,"column":5}},"line":4},"1":{"name":"(anonymous_1)","decl":{"start":{"line":15,"column":4},"end":{"line":15,"column":5}},"loc":{"start":{"line":15,"column":19},"end":{"line":19,"column":5}},"line":15},"2":{"name":"(anonymous_2)","decl":{"start":{"line":21,"column":4},"end":{"line":21,"column":5}},"loc":{"start":{"line":21,"column":144},"end":{"line":30,"column":5}},"line":21},"3":{"name":"(anonymous_3)","decl":{"start":{"line":32,"column":4},"end":{"line":32,"column":5}},"loc":{"start":{"line":32,"column":21},"end":{"line":35,"column":5}},"line":32},"4":{"name":"(anonymous_4)","decl":{"start":{"line":37,"column":4},"end":{"line":37,"column":5}},"loc":{"start":{"line":37,"column":20},"end":{"line":41,"column":5}},"line":37}},"branchMap":{},"s":{"0":1,"1":1,"2":1,"3":1,"4":1,"5":1,"6":3,"7":3,"8":3,"9":1,"10":1,"11":1,"12":1,"13":1,"14":1,"15":1,"16":1,"17":1,"18":1},"f":{"0":1,"1":3,"2":1,"3":1,"4":1},"b":{},"_coverageSchema":"1a1c01bbd47fc00a2c39e90264f33305004495a9","hash":"3c21feb30d5d3fae2cd7ea9a46e971b261881868"}
,"G:\\GitHub\\SR10-project\\myapp\\model\\offreemploi.js": {"path":"G:\\GitHub\\SR10-project\\myapp\\model\\offreemploi.js","statementMap":{"0":{"start":{"line":1,"column":13},"end":{"line":1,"column":28}},"1":{"start":{"line":3,"column":20},"end":{"line":42,"column":1}},"2":{"start":{"line":5,"column":22},"end":{"line":9,"column":5}},"3":{"start":{"line":10,"column":23},"end":{"line":10,"column":92}},"4":{"start":{"line":11,"column":8},"end":{"line":11,"column":40}},"5":{"start":{"line":12,"column":8},"end":{"line":12,"column":34}},"6":{"start":{"line":16,"column":22},"end":{"line":16,"column":68}},"7":{"start":{"line":17,"column":26},"end":{"line":17,"column":55}},"8":{"start":{"line":18,"column":8},"end":{"line":18,"column":26}},"9":{"start":{"line":22,"column":22},"end":{"line":26,"column":5}},"10":{"start":{"line":27,"column":23},"end":{"line":27,"column":96}},"11":{"start":{"line":28,"column":8},"end":{"line":28,"column":40}},"12":{"start":{"line":29,"column":8},"end":{"line":29,"column":29}},"13":{"start":{"line":33,"column":22},"end":{"line":33,"column":66}},"14":{"start":{"line":34,"column":8},"end":{"line":34,"column":38}},"15":{"start":{"line":38,"column":22},"end":{"line":38,"column":50}},"16":{"start":{"line":39,"column":26},"end":{"line":39,"column":49}},"17":{"start":{"line":40,"column":8},"end":{"line":40,"column":23}},"18":{"start":{"line":44,"column":0},"end":{"line":44,"column":29}}},"fnMap":{"0":{"name":"(anonymous_0)","decl":{"start":{"line":4,"column":4},"end":{"line":4,"column":5}},"loc":{"start":{"line":4,"column":90},"end":{"line":13,"column":5}},"line":4},"1":{"name":"(anonymous_1)","decl":{"start":{"line":15,"column":4},"end":{"line":15,"column":5}},"loc":{"start":{"line":15,"column":19},"end":{"line":19,"column":5}},"line":15},"2":{"name":"(anonymous_2)","decl":{"start":{"line":21,"column":4},"end":{"line":21,"column":5}},"loc":{"start":{"line":21,"column":94},"end":{"line":30,"column":5}},"line":21},"3":{"name":"(anonymous_3)","decl":{"start":{"line":32,"column":4},"end":{"line":32,"column":5}},"loc":{"start":{"line":32,"column":21},"end":{"line":35,"column":5}},"line":32},"4":{"name":"(anonymous_4)","decl":{"start":{"line":37,"column":4},"end":{"line":37,"column":5}},"loc":{"start":{"line":37,"column":20},"end":{"line":41,"column":5}},"line":37}},"branchMap":{},"s":{"0":1,"1":1,"2":1,"3":1,"4":1,"5":1,"6":3,"7":3,"8":3,"9":1,"10":1,"11":1,"12":1,"13":1,"14":1,"15":1,"16":1,"17":1,"18":1},"f":{"0":1,"1":3,"2":1,"3":1,"4":1},"b":{},"_coverageSchema":"1a1c01bbd47fc00a2c39e90264f33305004495a9","hash":"a69521e9014ed37e889487f8f7e10b416b538c8b"}
,"G:\\GitHub\\SR10-project\\myapp\\model\\organisation.js": {"path":"G:\\GitHub\\SR10-project\\myapp\\model\\organisation.js","statementMap":{"0":{"start":{"line":1,"column":13},"end":{"line":1,"column":28}},"1":{"start":{"line":3,"column":21},"end":{"line":48,"column":1}},"2":{"start":{"line":5,"column":22},"end":{"line":9,"column":5}},"3":{"start":{"line":10,"column":23},"end":{"line":10,"column":90}},"4":{"start":{"line":11,"column":8},"end":{"line":11,"column":40}},"5":{"start":{"line":12,"column":8},"end":{"line":12,"column":38}},"6":{"start":{"line":16,"column":22},"end":{"line":16,"column":73}},"7":{"start":{"line":17,"column":26},"end":{"line":17,"column":64}},"8":{"start":{"line":18,"column":8},"end":{"line":18,"column":26}},"9":{"start":{"line":22,"column":22},"end":{"line":26,"column":5}},"10":{"start":{"line":27,"column":23},"end":{"line":27,"column":90}},"11":{"start":{"line":28,"column":8},"end":{"line":28,"column":40}},"12":{"start":{"line":29,"column":8},"end":{"line":29,"column":38}},"13":{"start":{"line":33,"column":22},"end":{"line":33,"column":71}},"14":{"start":{"line":34,"column":8},"end":{"line":34,"column":47}},"15":{"start":{"line":38,"column":22},"end":{"line":38,"column":51}},"16":{"start":{"line":39,"column":26},"end":{"line":39,"column":49}},"17":{"start":{"line":40,"column":8},"end":{"line":40,"column":23}},"18":{"start":{"line":44,"column":20},"end":{"line":44,"column":71}},"19":{"start":{"line":45,"column":26},"end":{"line":45,"column":65}},"20":{"start":{"line":46,"column":8},"end":{"line":46,"column":34}},"21":{"start":{"line":50,"column":0},"end":{"line":50,"column":30}}},"fnMap":{"0":{"name":"(anonymous_0)","decl":{"start":{"line":4,"column":4},"end":{"line":4,"column":5}},"loc":{"start":{"line":4,"column":88},"end":{"line":13,"column":5}},"line":4},"1":{"name":"(anonymous_1)","decl":{"start":{"line":15,"column":4},"end":{"line":15,"column":5}},"loc":{"start":{"line":15,"column":28},"end":{"line":19,"column":5}},"line":15},"2":{"name":"(anonymous_2)","decl":{"start":{"line":21,"column":4},"end":{"line":21,"column":5}},"loc":{"start":{"line":21,"column":88},"end":{"line":30,"column":5}},"line":21},"3":{"name":"(anonymous_3)","decl":{"start":{"line":32,"column":4},"end":{"line":32,"column":5}},"loc":{"start":{"line":32,"column":30},"end":{"line":35,"column":5}},"line":32},"4":{"name":"(anonymous_4)","decl":{"start":{"line":37,"column":4},"end":{"line":37,"column":5}},"loc":{"start":{"line":37,"column":20},"end":{"line":41,"column":5}},"line":37},"5":{"name":"(anonymous_5)","decl":{"start":{"line":43,"column":4},"end":{"line":43,"column":5}},"loc":{"start":{"line":43,"column":35},"end":{"line":47,"column":5}},"line":43}},"branchMap":{},"s":{"0":1,"1":1,"2":1,"3":1,"4":1,"5":1,"6":3,"7":3,"8":3,"9":1,"10":1,"11":1,"12":1,"13":1,"14":1,"15":1,"16":1,"17":1,"18":2,"19":2,"20":2,"21":1},"f":{"0":1,"1":3,"2":1,"3":1,"4":1,"5":2},"b":{},"_coverageSchema":"1a1c01bbd47fc00a2c39e90264f33305004495a9","hash":"605e7f4a7d5664c919491cc4fd6fd267cf6d77bb"}
,"G:\\GitHub\\SR10-project\\myapp\\model\\utilisateur.js": {"path":"G:\\GitHub\\SR10-project\\myapp\\model\\utilisateur.js","statementMap":{"0":{"start":{"line":1,"column":13},"end":{"line":1,"column":28}},"1":{"start":{"line":2,"column":15},"end":{"line":2,"column":34}},"2":{"start":{"line":4,"column":20},"end":{"line":53,"column":1}},"3":{"start":{"line":6,"column":22},"end":{"line":10,"column":5}},"4":{"start":{"line":11,"column":23},"end":{"line":11,"column":122}},"5":{"start":{"line":12,"column":8},"end":{"line":12,"column":40}},"6":{"start":{"line":13,"column":8},"end":{"line":13,"column":32}},"7":{"start":{"line":17,"column":22},"end":{"line":17,"column":66}},"8":{"start":{"line":18,"column":26},"end":{"line":18,"column":58}},"9":{"start":{"line":19,"column":8},"end":{"line":19,"column":26}},"10":{"start":{"line":23,"column":22},"end":{"line":27,"column":5}},"11":{"start":{"line":28,"column":23},"end":{"line":28,"column":122}},"12":{"start":{"line":29,"column":8},"end":{"line":29,"column":40}},"13":{"start":{"line":30,"column":8},"end":{"line":30,"column":32}},"14":{"start":{"line":34,"column":22},"end":{"line":34,"column":64}},"15":{"start":{"line":35,"column":8},"end":{"line":35,"column":41}},"16":{"start":{"line":39,"column":22},"end":{"line":39,"column":50}},"17":{"start":{"line":40,"column":26},"end":{"line":40,"column":49}},"18":{"start":{"line":41,"column":8},"end":{"line":41,"column":23}},"19":{"start":{"line":45,"column":20},"end":{"line":45,"column":73}},"20":{"start":{"line":46,"column":24},"end":{"line":46,"column":54}},"21":{"start":{"line":47,"column":8},"end":{"line":50,"column":9}},"22":{"start":{"line":48,"column":25},"end":{"line":48,"column":33}},"23":{"start":{"line":49,"column":12},"end":{"line":49,"column":63}},"24":{"start":{"line":51,"column":8},"end":{"line":51,"column":21}},"25":{"start":{"line":55,"column":0},"end":{"line":55,"column":29}}},"fnMap":{"0":{"name":"(anonymous_0)","decl":{"start":{"line":5,"column":4},"end":{"line":5,"column":5}},"loc":{"start":{"line":5,"column":120},"end":{"line":14,"column":5}},"line":5},"1":{"name":"(anonymous_1)","decl":{"start":{"line":16,"column":4},"end":{"line":16,"column":5}},"loc":{"start":{"line":16,"column":22},"end":{"line":20,"column":5}},"line":16},"2":{"name":"(anonymous_2)","decl":{"start":{"line":22,"column":4},"end":{"line":22,"column":5}},"loc":{"start":{"line":22,"column":120},"end":{"line":31,"column":5}},"line":22},"3":{"name":"(anonymous_3)","decl":{"start":{"line":33,"column":4},"end":{"line":33,"column":5}},"loc":{"start":{"line":33,"column":24},"end":{"line":36,"column":5}},"line":33},"4":{"name":"(anonymous_4)","decl":{"start":{"line":38,"column":4},"end":{"line":38,"column":5}},"loc":{"start":{"line":38,"column":20},"end":{"line":42,"column":5}},"line":38},"5":{"name":"(anonymous_5)","decl":{"start":{"line":44,"column":4},"end":{"line":44,"column":5}},"loc":{"start":{"line":44,"column":38},"end":{"line":52,"column":5}},"line":44}},"branchMap":{"0":{"loc":{"start":{"line":47,"column":8},"end":{"line":50,"column":9}},"type":"if","locations":[{"start":{"line":47,"column":8},"end":{"line":50,"column":9}},{"start":{},"end":{}}],"line":47}},"s":{"0":2,"1":2,"2":2,"3":2,"4":2,"5":2,"6":2,"7":7,"8":7,"9":7,"10":1,"11":1,"12":1,"13":1,"14":2,"15":2,"16":1,"17":1,"18":1,"19":3,"20":3,"21":3,"22":2,"23":2,"24":1,"25":2},"f":{"0":2,"1":7,"2":1,"3":2,"4":1,"5":3},"b":{"0":[2,1]},"_coverageSchema":"1a1c01bbd47fc00a2c39e90264f33305004495a9","hash":"15a97f10d0fc730956c99f7f931ae689626630f4"}
}
